<?xml version="1.0" encoding="UTF-8"?>
<!-- Generated by org.testng.reporters.JUnitXMLReporter -->
<testsuite ignored="0" hostname="Marolix" failures="0" tests="3" name="Default test" time="45.659" errors="0" timestamp="2023-03-27T12:18:11 IST">
  <testcase classname="com.testcases.poojastore.LoginTest" name="VerifyLoginFunctionality" time="3.288"/>
  <testcase classname="com.testcases.poojastore.LoginTest" name="verifyTitle" time="0.023"/>
  <testcase classname="com.testcases.poojastore.LoginTest" name="Logoutfuntionality" time="6.404"/>
</testsuite> <!-- Default test -->
