<?xml version="1.0" encoding="UTF-8"?>
<testng-results ignored="0" total="3" passed="3" failed="0" skipped="0">
  <reporter-output>
  </reporter-output>
  <suite started-at="2023-03-27T12:17:25 IST" name="Default suite" finished-at="2023-03-27T12:18:11 IST" duration-ms="45659">
    <groups>
    </groups>
    <test started-at="2023-03-27T12:17:25 IST" name="Default test" finished-at="2023-03-27T12:18:11 IST" duration-ms="45659">
      <class name="com.testcases.poojastore.LoginTest">
        <test-method is-config="true" signature="setup()[pri:0, instance:com.testcases.poojastore.LoginTest@d29f28]" started-at="2023-03-27T12:17:25 IST" name="setup" finished-at="2023-03-27T12:17:38 IST" duration-ms="12924" status="PASS">
          <reporter-output>
          </reporter-output>
        </test-method> <!-- setup -->
        <test-method signature="VerifyLoginFunctionality()[pri:1, instance:com.testcases.poojastore.LoginTest@d29f28]" started-at="2023-03-27T12:17:38 IST" name="VerifyLoginFunctionality" finished-at="2023-03-27T12:17:41 IST" duration-ms="3288" status="PASS">
          <reporter-output>
          </reporter-output>
        </test-method> <!-- VerifyLoginFunctionality -->
        <test-method is-config="true" signature="teardown()[pri:0, instance:com.testcases.poojastore.LoginTest@d29f28]" started-at="2023-03-27T12:17:41 IST" name="teardown" finished-at="2023-03-27T12:17:42 IST" duration-ms="656" status="PASS">
          <reporter-output>
          </reporter-output>
        </test-method> <!-- teardown -->
        <test-method is-config="true" signature="setup()[pri:0, instance:com.testcases.poojastore.LoginTest@d29f28]" started-at="2023-03-27T12:17:42 IST" name="setup" finished-at="2023-03-27T12:17:52 IST" duration-ms="10535" status="PASS">
          <reporter-output>
          </reporter-output>
        </test-method> <!-- setup -->
        <test-method signature="verifyTitle()[pri:2, instance:com.testcases.poojastore.LoginTest@d29f28]" started-at="2023-03-27T12:17:52 IST" name="verifyTitle" finished-at="2023-03-27T12:17:52 IST" duration-ms="23" status="PASS">
          <reporter-output>
          </reporter-output>
        </test-method> <!-- verifyTitle -->
        <test-method is-config="true" signature="teardown()[pri:0, instance:com.testcases.poojastore.LoginTest@d29f28]" started-at="2023-03-27T12:17:53 IST" name="teardown" finished-at="2023-03-27T12:17:53 IST" duration-ms="213" status="PASS">
          <reporter-output>
          </reporter-output>
        </test-method> <!-- teardown -->
        <test-method is-config="true" signature="setup()[pri:0, instance:com.testcases.poojastore.LoginTest@d29f28]" started-at="2023-03-27T12:17:53 IST" name="setup" finished-at="2023-03-27T12:18:04 IST" duration-ms="11326" status="PASS">
          <reporter-output>
          </reporter-output>
        </test-method> <!-- setup -->
        <test-method signature="Logoutfuntionality()[pri:3, instance:com.testcases.poojastore.LoginTest@d29f28]" started-at="2023-03-27T12:18:04 IST" name="Logoutfuntionality" finished-at="2023-03-27T12:18:10 IST" duration-ms="6404" status="PASS">
          <reporter-output>
          </reporter-output>
        </test-method> <!-- Logoutfuntionality -->
        <test-method is-config="true" signature="teardown()[pri:0, instance:com.testcases.poojastore.LoginTest@d29f28]" started-at="2023-03-27T12:18:10 IST" name="teardown" finished-at="2023-03-27T12:18:11 IST" duration-ms="196" status="PASS">
          <reporter-output>
          </reporter-output>
        </test-method> <!-- teardown -->
      </class> <!-- com.testcases.poojastore.LoginTest -->
    </test> <!-- Default test -->
  </suite> <!-- Default suite -->
</testng-results>
